<?xml version="1.0" encoding="UTF-8"?>
<testng-results retried="1" ignored="0" total="5" passed="3" failed="1" skipped="0">
  <reporter-output>
  </reporter-output>
  <suite started-at="2025-06-09T14:56:38 IST" name="Suite" finished-at="2025-06-09T14:57:41 IST" duration-ms="62108">
    <groups>
      <group name="Purchase">
        <method signature="SubmitOrder.submitOrdermeth(java.lang.String,java.lang.String,java.lang.String)[pri:0, instance:SeleniumAcademy.SeleniumAutomationFrameWorkDesign.Tests.SubmitOrder@15d49048]" name="submitOrdermeth" class="SeleniumAcademy.SeleniumAutomationFrameWorkDesign.Tests.SubmitOrder"/>
      </group> <!-- Purchase -->
    </groups>
    <test started-at="2025-06-09T14:56:38 IST" name="SubmitOrder Test" finished-at="2025-06-09T14:57:30 IST" duration-ms="51524">
      <class name="SeleniumAcademy.SeleniumAutomationFrameWorkDesign.Tests.SubmitOrder">
        <test-method is-config="true" signature="launchAppilcation()[pri:0, instance:SeleniumAcademy.SeleniumAutomationFrameWorkDesign.Tests.SubmitOrder@15d49048]" started-at="2025-06-09T14:56:39 IST" name="launchAppilcation" finished-at="2025-06-09T14:56:46 IST" duration-ms="7361" status="PASS">
          <reporter-output>
          </reporter-output>
        </test-method> <!-- launchAppilcation -->
        <test-method signature="submitOrdermeth(java.lang.String,java.lang.String,java.lang.String)[pri:0, instance:SeleniumAcademy.SeleniumAutomationFrameWorkDesign.Tests.SubmitOrder@15d49048]" started-at="2025-06-09T14:56:46 IST" name="submitOrdermeth" data-provider="getdata" finished-at="2025-06-09T14:57:08 IST" duration-ms="21653" status="PASS">
          <params>
            <param index="0">
              <value>
                <![CDATA[mruthyunjaya3t@gmail.com]]>
              </value>
            </param>
            <param index="1">
              <value>
                <![CDATA[Ashu@1994]]>
              </value>
            </param>
            <param index="2">
              <value>
                <![CDATA[ZARA COAT 3]]>
              </value>
            </param>
          </params>
          <reporter-output>
          </reporter-output>
        </test-method> <!-- submitOrdermeth -->
        <test-method is-config="true" signature="teardown()[pri:0, instance:SeleniumAcademy.SeleniumAutomationFrameWorkDesign.Tests.SubmitOrder@15d49048]" started-at="2025-06-09T14:57:08 IST" name="teardown" finished-at="2025-06-09T14:57:08 IST" duration-ms="636" status="PASS">
          <reporter-output>
          </reporter-output>
        </test-method> <!-- teardown -->
        <test-method is-config="true" signature="launchAppilcation()[pri:0, instance:SeleniumAcademy.SeleniumAutomationFrameWorkDesign.Tests.SubmitOrder@15d49048]" started-at="2025-06-09T14:57:08 IST" name="launchAppilcation" finished-at="2025-06-09T14:57:12 IST" duration-ms="3469" status="PASS">
          <reporter-output>
          </reporter-output>
        </test-method> <!-- launchAppilcation -->
        <test-method signature="submitOrdermeth(java.lang.String,java.lang.String,java.lang.String)[pri:0, instance:SeleniumAcademy.SeleniumAutomationFrameWorkDesign.Tests.SubmitOrder@15d49048]" started-at="2025-06-09T14:57:12 IST" name="submitOrdermeth" data-provider="getdata" finished-at="2025-06-09T14:57:30 IST" duration-ms="18049" status="PASS">
          <params>
            <param index="0">
              <value>
                <![CDATA[mruthyunjaya812@gmail.com]]>
              </value>
            </param>
            <param index="1">
              <value>
                <![CDATA[Punya@2023]]>
              </value>
            </param>
            <param index="2">
              <value>
                <![CDATA[ADIDAS ORIGINAL]]>
              </value>
            </param>
          </params>
          <reporter-output>
          </reporter-output>
        </test-method> <!-- submitOrdermeth -->
        <test-method is-config="true" signature="teardown()[pri:0, instance:SeleniumAcademy.SeleniumAutomationFrameWorkDesign.Tests.SubmitOrder@15d49048]" started-at="2025-06-09T14:57:30 IST" name="teardown" finished-at="2025-06-09T14:57:30 IST" duration-ms="249" status="PASS">
          <reporter-output>
          </reporter-output>
        </test-method> <!-- teardown -->
      </class> <!-- SeleniumAcademy.SeleniumAutomationFrameWorkDesign.Tests.SubmitOrder -->
    </test> <!-- SubmitOrder Test -->
    <test started-at="2025-06-09T14:56:38 IST" name="ErrorValidation Test" finished-at="2025-06-09T14:57:41 IST" duration-ms="62108">
      <class name="SeleniumAcademy.SeleniumAutomationFrameWorkDesign.Tests.ErrorValidation">
        <test-method is-config="true" signature="launchAppilcation()[pri:0, instance:SeleniumAcademy.SeleniumAutomationFrameWorkDesign.Tests.ErrorValidation@4b2c5e02]" started-at="2025-06-09T14:56:39 IST" name="launchAppilcation" finished-at="2025-06-09T14:56:48 IST" duration-ms="9707" status="PASS">
          <reporter-output>
          </reporter-output>
        </test-method> <!-- launchAppilcation -->
        <test-method signature="LoginErrorvalidation()[pri:0, instance:SeleniumAcademy.SeleniumAutomationFrameWorkDesign.Tests.ErrorValidation@4b2c5e02]" started-at="2025-06-09T14:56:48 IST" name="LoginErrorvalidation" finished-at="2025-06-09T14:56:50 IST" duration-ms="1974" status="FAIL">
          <exception class="java.lang.AssertionError">
            <message>
              <![CDATA[expected [Incorrect email or password.] but found [Incorrect email or123 password.]]]>
            </message>
            <full-stacktrace>
              <![CDATA[java.lang.AssertionError: expected [Incorrect email or password.] but found [Incorrect email or123 password.]
at org.testng.Assert.fail(Assert.java:111)
at org.testng.Assert.failNotEquals(Assert.java:1590)
at org.testng.Assert.assertEqualsImpl(Assert.java:150)
at org.testng.Assert.assertEquals(Assert.java:132)
at org.testng.Assert.assertEquals(Assert.java:656)
at org.testng.Assert.assertEquals(Assert.java:666)
at SeleniumAcademy.SeleniumAutomationFrameWorkDesign.Tests.ErrorValidation.LoginErrorvalidation(ErrorValidation.java:41)
at java.base/jdk.internal.reflect.DirectMethodHandleAccessor.invoke(DirectMethodHandleAccessor.java:103)
at java.base/java.lang.reflect.Method.invoke(Method.java:580)
at org.testng.internal.invokers.MethodInvocationHelper.invokeMethod(MethodInvocationHelper.java:141)
at org.testng.internal.invokers.TestInvoker.invokeMethod(TestInvoker.java:687)
at org.testng.internal.invokers.TestInvoker.invokeTestMethod(TestInvoker.java:230)
at org.testng.internal.invokers.MethodRunner.runInSequence(MethodRunner.java:63)
at org.testng.internal.invokers.TestInvoker$MethodInvocationAgent.invoke(TestInvoker.java:995)
at org.testng.internal.invokers.TestInvoker.invokeTestMethods(TestInvoker.java:203)
at org.testng.internal.invokers.TestMethodWorker.invokeTestMethods(TestMethodWorker.java:154)
at org.testng.internal.invokers.TestMethodWorker.run(TestMethodWorker.java:134)
at java.base/java.util.ArrayList.forEach(ArrayList.java:1596)
at org.testng.TestRunner.privateRun(TestRunner.java:741)
at org.testng.TestRunner.run(TestRunner.java:616)
at org.testng.SuiteRunner.runTest(SuiteRunner.java:421)
at org.testng.SuiteRunner$SuiteWorker.run(SuiteRunner.java:463)
at org.testng.internal.thread.ThreadUtil.lambda$execute$0(ThreadUtil.java:64)
at java.base/java.util.concurrent.FutureTask.run(FutureTask.java:317)
at java.base/java.util.concurrent.ThreadPoolExecutor.runWorker(ThreadPoolExecutor.java:1144)
at java.base/java.util.concurrent.ThreadPoolExecutor$Worker.run(ThreadPoolExecutor.java:642)
at java.base/java.lang.Thread.run(Thread.java:1583)
]]>
            </full-stacktrace>
          </exception> <!-- java.lang.AssertionError -->
          <reporter-output>
          </reporter-output>
        </test-method> <!-- LoginErrorvalidation -->
        <test-method is-config="true" signature="teardown()[pri:0, instance:SeleniumAcademy.SeleniumAutomationFrameWorkDesign.Tests.ErrorValidation@4b2c5e02]" started-at="2025-06-09T14:56:51 IST" name="teardown" finished-at="2025-06-09T14:56:51 IST" duration-ms="447" status="PASS">
          <reporter-output>
          </reporter-output>
        </test-method> <!-- teardown -->
        <test-method is-config="true" signature="launchAppilcation()[pri:0, instance:SeleniumAcademy.SeleniumAutomationFrameWorkDesign.Tests.ErrorValidation@4b2c5e02]" started-at="2025-06-09T14:56:51 IST" name="launchAppilcation" finished-at="2025-06-09T14:56:56 IST" duration-ms="4595" status="PASS">
          <reporter-output>
          </reporter-output>
        </test-method> <!-- launchAppilcation -->
        <test-method retried="true" signature="ProductErrorvalidation()[pri:0, instance:SeleniumAcademy.SeleniumAutomationFrameWorkDesign.Tests.ErrorValidation@4b2c5e02]" started-at="2025-06-09T14:56:56 IST" name="ProductErrorvalidation" finished-at="2025-06-09T14:57:21 IST" duration-ms="24765" status="SKIP">
          <exception class="java.lang.AssertionError">
            <message>
              <![CDATA[expected [true] but found [false]]]>
            </message>
            <full-stacktrace>
              <![CDATA[java.lang.AssertionError: expected [true] but found [false]
at org.testng.Assert.fail(Assert.java:111)
at org.testng.Assert.failNotEquals(Assert.java:1590)
at org.testng.Assert.assertTrue(Assert.java:57)
at org.testng.Assert.assertTrue(Assert.java:67)
at SeleniumAcademy.SeleniumAutomationFrameWorkDesign.Tests.ErrorValidation.ProductErrorvalidation(ErrorValidation.java:59)
at java.base/jdk.internal.reflect.DirectMethodHandleAccessor.invoke(DirectMethodHandleAccessor.java:103)
at java.base/java.lang.reflect.Method.invoke(Method.java:580)
at org.testng.internal.invokers.MethodInvocationHelper.invokeMethod(MethodInvocationHelper.java:141)
at org.testng.internal.invokers.TestInvoker.invokeMethod(TestInvoker.java:687)
at org.testng.internal.invokers.TestInvoker.invokeTestMethod(TestInvoker.java:230)
at org.testng.internal.invokers.MethodRunner.runInSequence(MethodRunner.java:63)
at org.testng.internal.invokers.TestInvoker$MethodInvocationAgent.invoke(TestInvoker.java:995)
at org.testng.internal.invokers.TestInvoker.invokeTestMethods(TestInvoker.java:203)
at org.testng.internal.invokers.TestMethodWorker.invokeTestMethods(TestMethodWorker.java:154)
at org.testng.internal.invokers.TestMethodWorker.run(TestMethodWorker.java:134)
at java.base/java.util.ArrayList.forEach(ArrayList.java:1596)
at org.testng.TestRunner.privateRun(TestRunner.java:741)
at org.testng.TestRunner.run(TestRunner.java:616)
at org.testng.SuiteRunner.runTest(SuiteRunner.java:421)
at org.testng.SuiteRunner$SuiteWorker.run(SuiteRunner.java:463)
at org.testng.internal.thread.ThreadUtil.lambda$execute$0(ThreadUtil.java:64)
at java.base/java.util.concurrent.FutureTask.run(FutureTask.java:317)
at java.base/java.util.concurrent.ThreadPoolExecutor.runWorker(ThreadPoolExecutor.java:1144)
at java.base/java.util.concurrent.ThreadPoolExecutor$Worker.run(ThreadPoolExecutor.java:642)
at java.base/java.lang.Thread.run(Thread.java:1583)
]]>
            </full-stacktrace>
          </exception> <!-- java.lang.AssertionError -->
          <reporter-output>
          </reporter-output>
        </test-method> <!-- ProductErrorvalidation -->
        <test-method is-config="true" signature="teardown()[pri:0, instance:SeleniumAcademy.SeleniumAutomationFrameWorkDesign.Tests.ErrorValidation@4b2c5e02]" started-at="2025-06-09T14:57:21 IST" name="teardown" finished-at="2025-06-09T14:57:21 IST" duration-ms="791" status="PASS">
          <reporter-output>
          </reporter-output>
        </test-method> <!-- teardown -->
        <test-method is-config="true" signature="launchAppilcation()[pri:0, instance:SeleniumAcademy.SeleniumAutomationFrameWorkDesign.Tests.ErrorValidation@4b2c5e02]" started-at="2025-06-09T14:57:21 IST" name="launchAppilcation" finished-at="2025-06-09T14:57:26 IST" duration-ms="4459" status="PASS">
          <reporter-output>
          </reporter-output>
        </test-method> <!-- launchAppilcation -->
        <test-method signature="ProductErrorvalidation()[pri:0, instance:SeleniumAcademy.SeleniumAutomationFrameWorkDesign.Tests.ErrorValidation@4b2c5e02]" started-at="2025-06-09T14:57:26 IST" name="ProductErrorvalidation" finished-at="2025-06-09T14:57:40 IST" duration-ms="14463" status="PASS">
          <reporter-output>
          </reporter-output>
        </test-method> <!-- ProductErrorvalidation -->
        <test-method is-config="true" signature="teardown()[pri:0, instance:SeleniumAcademy.SeleniumAutomationFrameWorkDesign.Tests.ErrorValidation@4b2c5e02]" started-at="2025-06-09T14:57:40 IST" name="teardown" finished-at="2025-06-09T14:57:41 IST" duration-ms="216" status="PASS">
          <reporter-output>
          </reporter-output>
        </test-method> <!-- teardown -->
      </class> <!-- SeleniumAcademy.SeleniumAutomationFrameWorkDesign.Tests.ErrorValidation -->
    </test> <!-- ErrorValidation Test -->
  </suite> <!-- Suite -->
</testng-results>
